kotlin version: 2.0.0
error message: org.jetbrains.kotlin.backend.common.BackendException: Backend Internal error: Exception during IR lowering
File being compiled: C:/Users/mkysl/StudioProjects/My-Calendar/calendarLibrary/src/main/java/com/aslansoft/calendarLibrary/calendar.kt
The root cause java.lang.RuntimeException was thrown at: org.jetbrains.kotlin.backend.jvm.codegen.FunctionCodegen.generate(FunctionCodegen.kt:50)
	at org.jetbrains.kotlin.backend.common.CodegenUtil.reportBackendException(CodegenUtil.kt:253)
	at org.jetbrains.kotlin.backend.common.CodegenUtil.reportBackendException$default(CodegenUtil.kt:236)
	at org.jetbrains.kotlin.backend.common.phaser.PerformByIrFilePhase.invokeSequential(performByIrFile.kt:65)
	at org.jetbrains.kotlin.backend.common.phaser.PerformByIrFilePhase.invoke(performByIrFile.kt:52)
	at org.jetbrains.kotlin.backend.common.phaser.PerformByIrFilePhase.invoke(performByIrFile.kt:38)
	at org.jetbrains.kotlin.backend.common.phaser.NamedCompilerPhase.phaseBody(CompilerPhase.kt:166)
	at org.jetbrains.kotlin.backend.common.phaser.AbstractNamedCompilerPhase.invoke(CompilerPhase.kt:113)
	at org.jetbrains.kotlin.backend.common.phaser.CompositePhase.invoke(PhaseBuilders.kt:29)
	at org.jetbrains.kotlin.backend.common.phaser.CompositePhase.invoke(PhaseBuilders.kt:16)
	at org.jetbrains.kotlin.backend.common.phaser.NamedCompilerPhase.phaseBody(CompilerPhase.kt:166)
	at org.jetbrains.kotlin.backend.common.phaser.AbstractNamedCompilerPhase.invoke(CompilerPhase.kt:113)
	at org.jetbrains.kotlin.backend.common.phaser.CompilerPhaseKt.invokeToplevel(CompilerPhase.kt:62)
	at org.jetbrains.kotlin.backend.jvm.JvmIrCodegenFactory.invokeCodegen(JvmIrCodegenFactory.kt:371)
	at org.jetbrains.kotlin.codegen.CodegenFactory.generateModule(CodegenFactory.kt:47)
	at org.jetbrains.kotlin.backend.jvm.JvmIrCodegenFactory.generateModuleInFrontendIRMode(JvmIrCodegenFactory.kt:433)
	at org.jetbrains.kotlin.cli.jvm.compiler.pipeline.JvmCompilerPipelineKt.generateCodeFromIr(jvmCompilerPipeline.kt:241)
	at org.jetbrains.kotlin.cli.jvm.compiler.pipeline.JvmCompilerPipelineKt.compileModulesUsingFrontendIrAndLightTree(jvmCompilerPipeline.kt:140)
	at org.jetbrains.kotlin.cli.jvm.K2JVMCompiler.doExecute(K2JVMCompiler.kt:155)
	at org.jetbrains.kotlin.cli.jvm.K2JVMCompiler.doExecute(K2JVMCompiler.kt:50)
	at org.jetbrains.kotlin.cli.common.CLICompiler.execImpl(CLICompiler.kt:104)
	at org.jetbrains.kotlin.cli.common.CLICompiler.execImpl(CLICompiler.kt:48)
	at org.jetbrains.kotlin.cli.common.CLITool.exec(CLITool.kt:101)
	at org.jetbrains.kotlin.incremental.IncrementalJvmCompilerRunner.runCompiler(IncrementalJvmCompilerRunner.kt:453)
	at org.jetbrains.kotlin.incremental.IncrementalJvmCompilerRunner.runCompiler(IncrementalJvmCompilerRunner.kt:62)
	at org.jetbrains.kotlin.incremental.IncrementalCompilerRunner.doCompile(IncrementalCompilerRunner.kt:506)
	at org.jetbrains.kotlin.incremental.IncrementalCompilerRunner.compileImpl(IncrementalCompilerRunner.kt:423)
	at org.jetbrains.kotlin.incremental.IncrementalCompilerRunner.compileNonIncrementally(IncrementalCompilerRunner.kt:301)
	at org.jetbrains.kotlin.incremental.IncrementalCompilerRunner.compile(IncrementalCompilerRunner.kt:129)
	at org.jetbrains.kotlin.daemon.CompileServiceImplBase.execIncrementalCompiler(CompileServiceImpl.kt:676)
	at org.jetbrains.kotlin.daemon.CompileServiceImplBase.access$execIncrementalCompiler(CompileServiceImpl.kt:92)
	at org.jetbrains.kotlin.daemon.CompileServiceImpl.compile(CompileServiceImpl.kt:1661)
	at java.base/jdk.internal.reflect.DirectMethodHandleAccessor.invoke(Unknown Source)
	at java.base/java.lang.reflect.Method.invoke(Unknown Source)
	at java.rmi/sun.rmi.server.UnicastServerRef.dispatch(Unknown Source)
	at java.rmi/sun.rmi.transport.Transport$1.run(Unknown Source)
	at java.rmi/sun.rmi.transport.Transport$1.run(Unknown Source)
	at java.base/java.security.AccessController.doPrivileged(Unknown Source)
	at java.rmi/sun.rmi.transport.Transport.serviceCall(Unknown Source)
	at java.rmi/sun.rmi.transport.tcp.TCPTransport.handleMessages(Unknown Source)
	at java.rmi/sun.rmi.transport.tcp.TCPTransport$ConnectionHandler.run0(Unknown Source)
	at java.rmi/sun.rmi.transport.tcp.TCPTransport$ConnectionHandler.lambda$run$0(Unknown Source)
	at java.base/java.security.AccessController.doPrivileged(Unknown Source)
	at java.rmi/sun.rmi.transport.tcp.TCPTransport$ConnectionHandler.run(Unknown Source)
	at java.base/java.util.concurrent.ThreadPoolExecutor.runWorker(Unknown Source)
	at java.base/java.util.concurrent.ThreadPoolExecutor$Worker.run(Unknown Source)
	at java.base/java.lang.Thread.run(Unknown Source)
Caused by: java.lang.RuntimeException: Exception while generating code for:
FUN name:Calendar-PtmPvjY visibility:public modality:FINAL <> (MarkedDays:kotlin.collections.List<java.time.LocalDate>, ContainerColor:androidx.compose.ui.graphics.Color, HeaderColor:androidx.compose.ui.graphics.Color, TitleColor:androidx.compose.ui.graphics.Color, WeekDaysColor:androidx.compose.ui.graphics.Color, CurrentDaysBorderColor:androidx.compose.ui.graphics.Color, SelectedDayBorderColor:androidx.compose.ui.graphics.Color, TodayBorderColor:androidx.compose.ui.graphics.Color, CurrentDaysTextColor:androidx.compose.ui.graphics.Color, SelectedDayTextColor:androidx.compose.ui.graphics.Color, TodayTextColor:androidx.compose.ui.graphics.Color, BadgeFirstColor:androidx.compose.ui.graphics.Color, BadgeTwoColor:androidx.compose.ui.graphics.Color, dayOnclick:kotlin.Function0<kotlin.Unit>) returnType:kotlin.Unit
  annotations:
    OptIn(markerClass = [CLASS_REFERENCE 'CLASS IR_EXTERNAL_DECLARATION_STUB ANNOTATION_CLASS name:ExperimentalFoundationApi modality:OPEN visibility:public superTypes:[kotlin.Annotation]' type=kotlin.reflect.KClass<androidx.compose.foundation.ExperimentalFoundationApi>])
    Composable
  VALUE_PARAMETER name:MarkedDays index:0 type:kotlin.collections.List<java.time.LocalDate>
  VALUE_PARAMETER name:ContainerColor index:1 type:androidx.compose.ui.graphics.Color
    EXPRESSION_BODY
      ERROR_EXPR 'Default Stub' type=androidx.compose.ui.graphics.Color
  VALUE_PARAMETER name:HeaderColor index:2 type:androidx.compose.ui.graphics.Color
    EXPRESSION_BODY
      ERROR_EXPR 'Default Stub' type=androidx.compose.ui.graphics.Color
  VALUE_PARAMETER name:TitleColor index:3 type:androidx.compose.ui.graphics.Color
    EXPRESSION_BODY
      ERROR_EXPR 'Default Stub' type=androidx.compose.ui.graphics.Color
  VALUE_PARAMETER name:WeekDaysColor index:4 type:androidx.compose.ui.graphics.Color
    EXPRESSION_BODY
      ERROR_EXPR 'Default Stub' type=androidx.compose.ui.graphics.Color
  VALUE_PARAMETER name:CurrentDaysBorderColor index:5 type:androidx.compose.ui.graphics.Color
    EXPRESSION_BODY
      ERROR_EXPR 'Default Stub' type=androidx.compose.ui.graphics.Color
  VALUE_PARAMETER name:SelectedDayBorderColor index:6 type:androidx.compose.ui.graphics.Color
    EXPRESSION_BODY
      ERROR_EXPR 'Default Stub' type=androidx.compose.ui.graphics.Color
  VALUE_PARAMETER name:TodayBorderColor index:7 type:androidx.compose.ui.graphics.Color
    EXPRESSION_BODY
      ERROR_EXPR 'Default Stub' type=androidx.compose.ui.graphics.Color
  VALUE_PARAMETER name:CurrentDaysTextColor index:8 type:androidx.compose.ui.graphics.Color
    EXPRESSION_BODY
      ERROR_EXPR 'Default Stub' type=androidx.compose.ui.graphics.Color
  VALUE_PARAMETER name:SelectedDayTextColor index:9 type:androidx.compose.ui.graphics.Color
    EXPRESSION_BODY
      ERROR_EXPR 'Default Stub' type=androidx.compose.ui.graphics.Color
  VALUE_PARAMETER name:TodayTextColor index:10 type:androidx.compose.ui.graphics.Color
    EXPRESSION_BODY
      ERROR_EXPR 'Default Stub' type=androidx.compose.ui.graphics.Color
  VALUE_PARAMETER name:BadgeFirstColor index:11 type:androidx.compose.ui.graphics.Color
    EXPRESSION_BODY
      ERROR_EXPR 'Default Stub' type=androidx.compose.ui.graphics.Color
  VALUE_PARAMETER name:BadgeTwoColor index:12 type:androidx.compose.ui.graphics.Color
    EXPRESSION_BODY
      ERROR_EXPR 'Default Stub' type=androidx.compose.ui.graphics.Color
  VALUE_PARAMETER name:dayOnclick index:13 type:kotlin.Function0<kotlin.Unit>
    EXPRESSION_BODY
      ERROR_EXPR 'Default Stub' type=kotlin.Function0<kotlin.Unit>
  BLOCK_BODY
    VAR PROPERTY_DELEGATE name:selectedDay$delegate type:androidx.compose.runtime.MutableState<kotlin.Pair<kotlin.Int, kotlin.Int>?> [val]
      CALL 'public final fun remember <T> (calculation: @[DisallowComposableCalls] kotlin.Function0<T of androidx.compose.runtime.ComposablesKt.remember>): T of androidx.compose.runtime.ComposablesKt.remember [inline] declared in androidx.compose.runtime.ComposablesKt' type=androidx.compose.runtime.MutableState<kotlin.Pair<kotlin.Int, kotlin.Int>?> origin=null
        <T>: androidx.compose.runtime.MutableState<kotlin.Pair<kotlin.Int, kotlin.Int>?>
        calculation: BLOCK type=kotlin.Function0<androidx.compose.runtime.MutableState<kotlin.Pair<kotlin.Int, kotlin.Int>?>> origin=LAMBDA
          COMPOSITE type=kotlin.Unit origin=null
          FUNCTION_REFERENCE 'private final fun Calendar_PtmPvjY$lambda$1 (): androidx.compose.runtime.MutableState<kotlin.Pair<kotlin.Int, kotlin.Int>?> declared in com.aslansoft.calendarLibrary.CalendarKt' type=kotlin.Function0<androidx.compose.runtime.MutableState<kotlin.Pair<kotlin.Int, kotlin.Int>?>> origin=INLINE_LAMBDA reflectionTarget=null
    VAR name:context type:android.content.Context [val]
      CALL 'public final fun <get-current> (): T of androidx.compose.runtime.CompositionLocal [inline] declared in androidx.compose.runtime.CompositionLocal' type=android.content.Context origin=GET_PROPERTY
        $this: TYPE_OP type=androidx.compose.runtime.CompositionLocal<T of androidx.compose.runtime.CompositionLocal> origin=IMPLICIT_CAST typeOperand=androidx.compose.runtime.CompositionLocal<T of androidx.compose.runtime.CompositionLocal>
          CALL 'public final fun <get-LocalContext> (): androidx.compose.runtime.ProvidableCompositionLocal<android.content.Context> declared in androidx.compose.ui.platform.AndroidCompositionLocals_androidKt' type=androidx.compose.runtime.ProvidableCompositionLocal<android.content.Context> origin=GET_PROPERTY
    VAR name:currentMonth type:kotlin.Int [val]
      CALL 'public open fun getValue (): kotlin.Int declared in java.time.Month' type=kotlin.Int origin=GET_PROPERTY
        $this: CALL 'public open fun getMonth (): @[FlexibleNullability] java.time.Month? declared in java.time.LocalDate' type=@[FlexibleNullability] java.time.Month? origin=GET_PROPERTY
          $this: CALL 'public open fun now (): @[FlexibleNullability] java.time.LocalDate? declared in java.time.LocalDate' type=@[FlexibleNullability] java.time.LocalDate? origin=null
    VAR name:currentYear type:kotlin.Int [val]
      CALL 'public open fun getYear (): kotlin.Int declared in java.time.LocalDate' type=kotlin.Int origin=GET_PROPERTY
        $this: CALL 'public open fun now (): @[FlexibleNullability] java.time.LocalDate? declared in java.time.LocalDate' type=@[FlexibleNullability] java.time.LocalDate? origin=null
    VAR name:today type:kotlin.Int [val]
      CALL 'public open fun getDayOfMonth (): kotlin.Int declared in java.time.LocalDate' type=kotlin.Int origin=GET_PROPERTY
        $this: CALL 'public open fun now (): @[FlexibleNullability] java.time.LocalDate? declared in java.time.LocalDate' type=@[FlexibleNullability] java.time.LocalDate? origin=null
    VAR name:weekDays type:@[FlexibleArrayElementVariance] kotlin.Array<out @[FlexibleNullability] kotlin.String?> [val]
      BLOCK type=@[FlexibleArrayElementVariance] kotlin.Array<out @[FlexibleNullability] kotlin.String?> origin=null
        VAR IR_TEMPORARY_VARIABLE name:tmp0 type:kotlin.Any? [val]
          CALL 'public open fun getStringArray (p0: kotlin.Int): @[EnhancedNullability] @[FlexibleArrayElementVariance] kotlin.Array<out @[FlexibleNullability] kotlin.String?> declared in android.content.res.Resources' type=@[EnhancedNullability] @[FlexibleArrayElementVariance] kotlin.Array<out @[FlexibleNullability] kotlin.String?> origin=null
            $this: CALL 'public abstract fun getResources (): @[FlexibleNullability] android.content.res.Resources? declared in android.content.Context' type=@[FlexibleNullability] android.content.res.Resources? origin=GET_PROPERTY
              $this: GET_VAR 'val context: android.content.Context [val] declared in com.aslansoft.calendarLibrary.CalendarKt.Calendar-PtmPvjY' type=android.content.Context origin=null
            p0: GET_FIELD 'FIELD IR_EXTERNAL_JAVA_DECLARATION_STUB name:week_days type:kotlin.Int visibility:public [static]' type=kotlin.Int origin=null
        CALL 'public final fun checkNotNullExpressionValue (value: kotlin.Any?, expression: kotlin.String): kotlin.Unit declared in kotlin.jvm.internal.Intrinsics' type=kotlin.Unit origin=null
          value: GET_VAR 'val tmp0: kotlin.Any? [val] declared in com.aslansoft.calendarLibrary.CalendarKt.Calendar-PtmPvjY' type=kotlin.Any? origin=null
          expression: CONST String type=kotlin.String value="getStringArray(...)"
        GET_VAR 'val tmp0: kotlin.Any? [val] declared in com.aslansoft.calendarLibrary.CalendarKt.Calendar-PtmPvjY' type=kotlin.Any? origin=null
    VAR name:month type:androidx.compose.runtime.MutableIntState [val]
      CALL 'public final fun remember <T> (calculation: @[DisallowComposableCalls] kotlin.Function0<T of androidx.compose.runtime.ComposablesKt.remember>): T of androidx.compose.runtime.ComposablesKt.remember [inline] declared in androidx.compose.runtime.ComposablesKt' type=androidx.compose.runtime.MutableIntState origin=null
        <T>: androidx.compose.runtime.MutableIntState
        calculation: BLOCK type=kotlin.Function0<androidx.compose.runtime.MutableIntState> origin=LAMBDA
          COMPOSITE type=kotlin.Unit origin=null
          FUNCTION_REFERENCE 'private final fun Calendar_PtmPvjY$lambda$4 ($currentMonth: kotlin.Int): androidx.compose.runtime.MutableIntState declared in com.aslansoft.calendarLibrary.CalendarKt' type=kotlin.Function0<androidx.compose.runtime.MutableIntState> origin=INLINE_LAMBDA reflectionTarget=null
            $currentMonth: GET_VAR 'val currentMonth: kotlin.Int [val] declared in com.aslansoft.calendarLibrary.CalendarKt.Calendar-PtmPvjY' type=kotlin.Int origin=null
    VAR name:year type:androidx.compose.runtime.MutableIntState [val]
      CALL 'public final fun remember <T> (calculation: @[DisallowComposableCalls] kotlin.Function0<T of androidx.compose.runtime.ComposablesKt.remember>): T of androidx.compose.runtime.ComposablesKt.remember [inline] declared in androidx.compose.runtime.ComposablesKt' type=androidx.compose.runtime.MutableIntState origin=null
        <T>: androidx.compose.runtime.MutableIntState
        calculation: BLOCK type=kotlin.Function0<androidx.compose.runtime.MutableIntState> origin=LAMBDA
          COMPOSITE type=kotlin.Unit origin=null
          FUNCTION_REFERENCE 'private final fun Calendar_PtmPvjY$lambda$5 ($currentYear: kotlin.Int): androidx.compose.runtime.MutableIntState declared in com.aslansoft.calendarLibrary.CalendarKt' type=kotlin.Function0<androidx.compose.runtime.MutableIntState> origin=INLINE_LAMBDA reflectionTarget=null
            $currentYear: GET_VAR 'val currentYear: kotlin.Int [val] declared in com.aslansoft.calendarLibrary.CalendarKt.Calendar-PtmPvjY' type=kotlin.Int origin=null
    VAR name:days type:kotlin.collections.List<kotlin.String> [val]
      CALL 'public final fun getMonthDays (year: kotlin.Int, month: kotlin.Int): kotlin.collections.List<kotlin.String> declared in com.aslansoft.calendarLibrary.CalendarKt' type=kotlin.collections.List<kotlin.String> origin=null
        year: CALL 'public abstract fun <get-intValue> (): kotlin.Int declared in androidx.compose.runtime.MutableIntState' type=kotlin.Int origin=GET_PROPERTY
          $this: GET_VAR 'val year: androidx.compose.runtime.MutableIntState [val] declared in com.aslansoft.calendarLibrary.CalendarKt.Calendar-PtmPvjY' type=androidx.compose.runtime.MutableIntState origin=null
        month: CALL 'public abstract fun <get-intValue> (): kotlin.Int declared in androidx.compose.runtime.MutableIntState' type=kotlin.Int origin=GET_PROPERTY
          $this: GET_VAR 'val month: androidx.compose.runtime.MutableIntState [val] declared in com.aslansoft.calendarLibrary.CalendarKt.Calendar-PtmPvjY' type=androidx.compose.runtime.MutableIntState origin=null
    VAR name:monthName type:@[FlexibleNullability] kotlin.String? [val]
      CALL 'public final fun get (index: kotlin.Int): T of kotlin.Array [operator] declared in kotlin.Array' type=@[FlexibleNullability] kotlin.String? origin=GET_ARRAY_ELEMENT
        $this: CALL 'public open fun getMonths (): @[FlexibleNullability] @[FlexibleArrayElementVariance] kotlin.Array<out @[FlexibleNullability] kotlin.String?>? declared in java.text.DateFormatSymbols' type=@[FlexibleNullability] @[FlexibleArrayElementVariance] kotlin.Array<out @[FlexibleNullability] kotlin.String?>? origin=GET_PROPERTY
          $this: CONSTRUCTOR_CALL 'public constructor <init> (p0: @[FlexibleNullability] java.util.Locale?) declared in java.text.DateFormatSymbols' type=java.text.DateFormatSymbols origin=null
            p0: CALL 'public open fun getDefault (): @[FlexibleNullability] java.util.Locale? declared in java.util.Locale' type=@[FlexibleNullability] java.util.Locale? origin=null
        index: CALL 'public final fun minus (other: kotlin.Int): kotlin.Int [operator] declared in kotlin.Int' type=kotlin.Int origin=MINUS
          $this: CALL 'public abstract fun <get-intValue> (): kotlin.Int declared in androidx.compose.runtime.MutableIntState' type=kotlin.Int origin=GET_PROPERTY
            $this: GET_VAR 'val month: androidx.compose.runtime.MutableIntState [val] declared in com.aslansoft.calendarLibrary.CalendarKt.Calendar-PtmPvjY' type=androidx.compose.runtime.MutableIntState origin=null
          other: CONST Int type=kotlin.Int value=1
    CALL 'public final fun println (message: kotlin.Any?): kotlin.Unit [inline] declared in kotlin.io.ConsoleKt' type=kotlin.Unit origin=null
      message: STRING_CONCATENATION type=kotlin.String
        CONST String type=kotlin.String value="month value int:"
        CALL 'public abstract fun <get-intValue> (): kotlin.Int declared in androidx.compose.runtime.MutableIntState' type=kotlin.Int origin=GET_PROPERTY
          $this: GET_VAR 'val month: androidx.compose.runtime.MutableIntState [val] declared in com.aslansoft.calendarLibrary.CalendarKt.Calendar-PtmPvjY' type=androidx.compose.runtime.MutableIntState origin=null
    CALL 'public final fun println (message: kotlin.Any?): kotlin.Unit [inline] declared in kotlin.io.ConsoleKt' type=kotlin.Unit origin=null
      message: STRING_CONCATENATION type=kotlin.String
        CONST String type=kotlin.String value="year value int "
        CALL 'public abstract fun <get-intValue> (): kotlin.Int declared in androidx.compose.runtime.MutableIntState' type=kotlin.Int origin=GET_PROPERTY
          $this: GET_VAR 'val year: androidx.compose.runtime.MutableIntState [val] declared in com.aslansoft.calendarLibrary.CalendarKt.Calendar-PtmPvjY' type=androidx.compose.runtime.MutableIntState origin=null
    CALL 'public final fun println (message: kotlin.Any?): kotlin.Unit [inline] declared in kotlin.io.ConsoleKt' type=kotlin.Unit origin=null
      message: STRING_CONCATENATION type=kotlin.String
        CONST String type=kotlin.String value="today"
        GET_VAR 'val today: kotlin.Int [val] declared in com.aslansoft.calendarLibrary.CalendarKt.Calendar-PtmPvjY' type=kotlin.Int origin=null
    VAR name:lazyState type:androidx.compose.foundation.lazy.grid.LazyGridState [val]
      CALL 'public final fun rememberLazyGridState (initialFirstVisibleItemIndex: kotlin.Int, initialFirstVisibleItemScrollOffset: kotlin.Int): androidx.compose.foundation.lazy.grid.LazyGridState declared in androidx.compose.foundation.lazy.grid.LazyGridStateKt' type=androidx.compose.foundation.lazy.grid.LazyGridState origin=null
        initialFirstVisibleItemIndex: CALL 'public abstract fun <get-intValue> (): kotlin.Int declared in androidx.compose.runtime.MutableIntState' type=kotlin.Int origin=GET_PROPERTY
          $this: GET_VAR 'val month: androidx.compose.runtime.MutableIntState [val] declared in com.aslansoft.calendarLibrary.CalendarKt.Calendar-PtmPvjY' type=androidx.compose.runtime.MutableIntState origin=null
        initialFirstVisibleItemScrollOffset: CALL 'public abstract fun <get-intValue> (): kotlin.Int declared in androidx.compose.runtime.MutableIntState' type=kotlin.Int origin=GET_PROPERTY
          $this: GET_VAR 'val month: androidx.compose.runtime.MutableIntState [val] declared in com.aslansoft.calendarLibrary.CalendarKt.Calendar-PtmPvjY' type=androidx.compose.runtime.MutableIntState origin=null
    VAR name:selectedDayState type:androidx.compose.runtime.MutableState<kotlin.Pair<kotlin.Int, kotlin.Int>?> [val]
      CALL 'public final fun remember <T> (calculation: @[DisallowComposableCalls] kotlin.Function0<T of androidx.compose.runtime.ComposablesKt.remember>): T of androidx.compose.runtime.ComposablesKt.remember [inline] declared in androidx.compose.runtime.ComposablesKt' type=androidx.compose.runtime.MutableState<kotlin.Pair<kotlin.Int, kotlin.Int>?> origin=null
        <T>: androidx.compose.runtime.MutableState<kotlin.Pair<kotlin.Int, kotlin.Int>?>
        calculation: BLOCK type=kotlin.Function0<androidx.compose.runtime.MutableState<kotlin.Pair<kotlin.Int, kotlin.Int>?>> origin=LAMBDA
          COMPOSITE type=kotlin.Unit origin=null
          FUNCTION_REFERENCE 'private final fun Calendar_PtmPvjY$lambda$6 ($selectedDay$delegate: androidx.compose.runtime.MutableState<kotlin.Pair<kotlin.Int, kotlin.Int>?>): androidx.compose.runtime.MutableState<kotlin.Pair<kotlin.Int, kotlin.Int>?> declared in com.aslansoft.calendarLibrary.CalendarKt' type=kotlin.Function0<androidx.compose.runtime.MutableState<kotlin.Pair<kotlin.Int, kotlin.Int>?>> origin=INLINE_LAMBDA reflectionTarget=null
            $selectedDay$delegate: GET_VAR 'val selectedDay$delegate: androidx.compose.runtime.MutableState<kotlin.Pair<kotlin.Int, kotlin.Int>?> [val] declared in com.aslansoft.calendarLibrary.CalendarKt.Calendar-PtmPvjY' type=androidx.compose.runtime.MutableState<kotlin.Pair<kotlin.Int, kotlin.Int>?> origin=null
    CALL 'public final fun LaunchedEffect (key1: kotlin.Any?, block: @[ExtensionFunctionType] kotlin.coroutines.SuspendFunction1<kotlinx.coroutines.CoroutineScope, kotlin.Unit>): kotlin.Unit declared in androidx.compose.runtime.EffectsKt' type=kotlin.Unit origin=null
      key1: CALL 'private final fun Calendar_PtmPvjY$lambda$2 ($selectedDay$delegate: androidx.compose.runtime.MutableState<kotlin.Pair<kotlin.Int, kotlin.Int>?>): kotlin.Pair<kotlin.Int, kotlin.Int>? declared in com.aslansoft.calendarLibrary.CalendarKt' type=kotlin.Pair<kotlin.Int, kotlin.Int>? origin=GET_LOCAL_PROPERTY
        $selectedDay$delegate: GET_VAR 'val selectedDay$delegate: androidx.compose.runtime.MutableState<kotlin.Pair<kotlin.Int, kotlin.Int>?> [val] declared in com.aslansoft.calendarLibrary.CalendarKt.Calendar-PtmPvjY' type=androidx.compose.runtime.MutableState<kotlin.Pair<kotlin.Int, kotlin.Int>?> origin=null
      block: BLOCK type=com.aslansoft.calendarLibrary.CalendarKt.Calendar-PtmPvjY.<no name provided> origin=null
        CLASS SUSPEND_LAMBDA CLASS name:<no name provided> modality:FINAL visibility:public/*package*/ superTypes:[kotlin.coroutines.jvm.internal.SuspendLambda; kotlin.jvm.functions.Function2<kotlinx.coroutines.CoroutineScope, kotlin.coroutines.Continuation<kotlin.Unit>?, kotlin.Any?>]
          $this: VALUE_PARAMETER INSTANCE_RECEIVER name:<this> type:com.aslansoft.calendarLibrary.CalendarKt.Calendar-PtmPvjY.<no name provided>
          FIELD name:label type:kotlin.Int visibility:public/*package*/
          CONSTRUCTOR SUSPEND_LAMBDA visibility:public/*package*/ <> ($selectedDayState:androidx.compose.runtime.MutableState<kotlin.Pair<kotlin.Int, kotlin.Int>?>, $selectedDay$delegate:androidx.compose.runtime.MutableState<kotlin.Pair<kotlin.Int, kotlin.Int>?>, $completion:kotlin.coroutines.Continuation<com.aslansoft.calendarLibrary.CalendarKt.Calendar-PtmPvjY.<no name provided>>?) returnType:com.aslansoft.calendarLibrary.CalendarKt.Calendar-PtmPvjY.<no name provided> [primary]
            VALUE_PARAMETER BOUND_VALUE_PARAMETER name:$selectedDayState index:0 type:androidx.compose.runtime.MutableState<kotlin.Pair<kotlin.Int, kotlin.Int>?>
            VALUE_PARAMETER BOUND_VALUE_PARAMETER name:$selectedDay$delegate index:1 type:androidx.compose.runtime.MutableState<kotlin.Pair<kotlin.Int, kotlin.Int>?>
            VALUE_PARAMETER name:$completion index:2 type:kotlin.coroutines.Continuation<com.aslansoft.calendarLibrary.CalendarKt.Calendar-PtmPvjY.<no name provided>>?
            BLOCK_BODY
              SET_FIELD 'FIELD FIELD_FOR_CAPTURED_VALUE name:$selectedDayState type:androidx.compose.runtime.MutableState<kotlin.Pair<kotlin.Int, kotlin.Int>?> visibility:public/*package*/ [final]' type=kotlin.Unit origin=INITIALIZER_OF_FIELD_FOR_CAPTURED_VALUE
                receiver: GET_VAR '<this>: com.aslansoft.calendarLibrary.CalendarKt.Calendar-PtmPvjY.<no name provided> declared in com.aslansoft.calendarLibrary.CalendarKt.Calendar-PtmPvjY.<no name provided>' type=com.aslansoft.calendarLibrary.CalendarKt.Calendar-PtmPvjY.<no name provided> origin=null
                value: GET_VAR '$selectedDayState: androidx.compose.runtime.MutableState<kotlin.Pair<kotlin.Int, kotlin.Int>?> declared in com.aslansoft.calendarLibrary.CalendarKt.Calendar-PtmPvjY.<no name provided>.<init>' type=androidx.compose.runtime.MutableState<kotlin.Pair<kotlin.Int, kotlin.Int>?> origin=null
              SET_FIELD 'FIELD FIELD_FOR_CAPTURED_VALUE name:$selectedDay$delegate type:androidx.compose.runtime.MutableState<kotlin.Pair<kotlin.Int, kotlin.Int>?> visibility:public/*package*/ [final]' type=kotlin.Unit origin=INITIALIZER_OF_FIELD_FOR_CAPTURED_VALUE
                receiver: GET_VAR '<this>: com.aslansoft.calendarLibrary.CalendarKt.Calendar-PtmPvjY.<no name provided> declared in com.aslansoft.calendarLibrary.CalendarKt.Calendar-PtmPvjY.<no name provided>' type=com.aslansoft.calendarLibrary.CalendarKt.Calendar-PtmPvjY.<no name provided> origin=null
                value: GET_VAR '$selectedDay$delegate: androidx.compose.runtime.MutableState<kotlin.Pair<kotlin.Int, kotlin.Int>?> declared in com.aslansoft.calendarLibrary.CalendarKt.Calendar-PtmPvjY.<no name provided>.<init>' type=androidx.compose.runtime.MutableState<kotlin.Pair<kotlin.Int, kotlin.Int>?> origin=null
              DELEGATING_CONSTRUCTOR_CALL 'public constructor <init> (arity: kotlin.Int, $completion: kotlin.coroutines.Continuation<kotlin.Any?>?) declared in kotlin.coroutines.jvm.internal.SuspendLambda'
                arity: CONST Int type=kotlin.Int value=2
                $completion: GET_VAR '$completion: kotlin.coroutines.Continuation<com.aslansoft.calendarLibrary.CalendarKt.Calendar-PtmPvjY.<no name provided>>? declared in com.aslansoft.calendarLibrary.CalendarKt.Calendar-PtmPvjY.<no name provided>.<init>' type=kotlin.coroutines.Continuation<com.aslansoft.calendarLibrary.CalendarKt.Calendar-PtmPvjY.<no name provided>>? origin=null
              BLOCK type=kotlin.Unit origin=null
          FUN name:invokeSuspend visibility:public modality:FINAL <> ($this:com.aslansoft.calendarLibrary.CalendarKt.Calendar-PtmPvjY.<no name provided>, $result:kotlin.Result<kotlin.Any?>) returnType:kotlin.Any?
            overridden:
              protected abstract fun invokeSuspend ($result: kotlin.Result<kotlin.Any?>): kotlin.Any? declared in kotlin.coroutines.jvm.internal.SuspendLambda
            $this: VALUE_PARAMETER INSTANCE_RECEIVER name:<this> type:com.aslansoft.calendarLibrary.CalendarKt.Calendar-PtmPvjY.<no name provided>
            VALUE_PARAMETER name:$result index:0 type:kotlin.Result<kotlin.Any?>
            BLOCK_BODY
              CALL 'public abstract fun <set-value> (value: T of androidx.compose.runtime.MutableState): kotlin.Unit declared in androidx.compose.runtime.MutableState' type=kotlin.Unit origin=EQ
                $this: GET_FIELD 'FIELD FIELD_FOR_CAPTURED_VALUE name:$selectedDayState type:androidx.compose.runtime.MutableState<kotlin.Pair<kotlin.Int, kotlin.Int>?> visibility:public/*package*/ [final]' type=androidx.compose.runtime.MutableState<kotlin.Pair<kotlin.Int, kotlin.Int>?> origin=null
                  receiver: GET_VAR '<this>: com.aslansoft.calendarLibrary.CalendarKt.Calendar-PtmPvjY.<no name provided> declared in com.aslansoft.calendarLibrary.CalendarKt.Calendar-PtmPvjY.<no name provided>.invokeSuspend' type=com.aslansoft.calendarLibrary.CalendarKt.Calendar-PtmPvjY.<no name provided> origin=null
                value: CALL 'public final fun access$Calendar_PtmPvjY$lambda$2 ($selectedDay$delegate: androidx.compose.runtime.MutableState<kotlin.Pair<kotlin.Int, kotlin.Int>?>): kotlin.Pair<kotlin.Int, kotlin.Int>? declared in com.aslansoft.calendarLibrary.CalendarKt' type=kotlin.Pair<kotlin.Int, kotlin.Int>? origin=GET_LOCAL_PROPERTY
                  $selectedDay$delegate: GET_FIELD 'FIELD FIELD_FOR_CAPTURED_VALUE name:$selectedDay$delegate type:androidx.compose.runtime.MutableState<kotlin.Pair<kotlin.Int, kotlin.Int>?> visibility:public/*package*/ [final]' type=androidx.compose.runtime.MutableState<kotlin.Pair<kotlin.Int, kotlin.Int>?> origin=null
                    receiver: GET_VAR '<this>: com.aslansoft.calendarLibrary.CalendarKt.Calendar-PtmPvjY.<no name provided> declared in com.aslansoft.calendarLibrary.CalendarKt.Calendar-PtmPvjY.<no name provided>.invokeSuspend' type=com.aslansoft.calendarLibrary.CalendarKt.Calendar-PtmPvjY.<no name provided> origin=null
          FUN name:create visibility:public modality:FINAL <> ($this:com.aslansoft.calendarLibrary.CalendarKt.Calendar-PtmPvjY.<no name provided>, value:kotlin.Any?, $completion:kotlin.coroutines.Continuation<kotlin.Nothing>) returnType:kotlin.coroutines.Continuation<kotlin.Unit>
            overridden:
              public open fun create (value: kotlin.Any?, $completion: kotlin.coroutines.Continuation<kotlin.Nothing>): kotlin.coroutines.Continuation<kotlin.Unit> declared in kotlin.coroutines.jvm.internal.SuspendLambda
            $this: VALUE_PARAMETER INSTANCE_RECEIVER name:<this> type:com.aslansoft.calendarLibrary.CalendarKt.Calendar-PtmPvjY.<no name provided>
            VALUE_PARAMETER name:value index:0 type:kotlin.Any?
            VALUE_PARAMETER name:$completion index:1 type:kotlin.coroutines.Continuation<kotlin.Nothing>
            BLOCK_BODY
              RETURN type=kotlin.Nothing from='public final fun create (value: kotlin.Any?, $completion: kotlin.coroutines.Continuation<kotlin.Nothing>): kotlin.coroutines.Continuation<kotlin.Unit> declared in com.aslansoft.calendarLibrary.CalendarKt.Calendar-PtmPvjY.<no name provided>'
                CONSTRUCTOR_CALL 'public/*package*/ constructor <init> ($selectedDayState: androidx.compose.runtime.MutableState<kotlin.Pair<kotlin.Int, kotlin.Int>?>, $selectedDay$delegate: androidx.compose.runtime.MutableState<kotlin.Pair<kotlin.Int, kotlin.Int>?>, $completion: kotlin.coroutines.Continuation<com.aslansoft.calendarLibrary.CalendarKt.Calendar-PtmPvjY.<no name provided>>?) [primary] declared in com.aslansoft.calendarLibrary.CalendarKt.Calendar-PtmPvjY.<no name provided>' type=com.aslansoft.calendarLibrary.CalendarKt.Calendar-PtmPvjY.<no name provided> origin=null
                  $selectedDayState: GET_FIELD 'FIELD FIELD_FOR_CAPTURED_VALUE name:$selectedDayState type:androidx.compose.runtime.MutableState<kotlin.Pair<kotlin.Int, kotlin.Int>?> visibility:public/*package*/ [final]' type=androidx.compose.runtime.MutableState<kotlin.Pair<kotlin.Int, kotlin.Int>?> origin=null
                    receiver: GET_VAR '<this>: com.aslansoft.calendarLibrary.CalendarKt.Calendar-PtmPvjY.<no name provided> declared in com.aslansoft.calendarLibrary.CalendarKt.Calendar-PtmPvjY.<no name provided>.create' type=com.aslansoft.calendarLibrary.CalendarKt.Calendar-PtmPvjY.<no name provided> origin=null
                  $selectedDay$delegate: GET_FIELD 'FIELD FIELD_FOR_CAPTURED_VALUE name:$selectedDay$delegate type:androidx.compose.runtime.MutableState<kotlin.Pair<kotlin.Int, kotlin.Int>?> visibility:public/*package*/ [final]' type=androidx.compose.runtime.MutableState<kotlin.Pair<kotlin.Int, kotlin.Int>?> origin=null
                    receiver: GET_VAR '<this>: com.aslansoft.calendarLibrary.CalendarKt.Calendar-PtmPvjY.<no name provided> declared in com.aslansoft.calendarLibrary.CalendarKt.Calendar-PtmPvjY.<no name provided>.create' type=com.aslansoft.calendarLibrary.CalendarKt.Calendar-PtmPvjY.<no name provided> origin=null
                  $completion: GET_VAR '$completion: kotlin.coroutines.Continuation<kotlin.Nothing> declared in com.aslansoft.calendarLibrary.CalendarKt.Calendar-PtmPvjY.<no name provided>.create' type=kotlin.coroutines.Continuation<kotlin.Nothing> origin=null
          FUN name:invoke visibility:public modality:FINAL <> ($this:com.aslansoft.calendarLibrary.CalendarKt.Calendar-PtmPvjY.<no name provided>, p1:kotlinx.coroutines.CoroutineScope, p2:kotlin.coroutines.Continuation<kotlin.Unit>?) returnType:kotlin.Any?
            overridden:
              public abstract fun invoke (p1: P1 of kotlin.jvm.functions.Function2, p2: P2 of kotlin.jvm.functions.Function2): R of kotlin.jvm.functions.Function2 declared in kotlin.jvm.functions.Function2
            $this: VALUE_PARAMETER INSTANCE_RECEIVER name:<this> type:com.aslansoft.calendarLibrary.CalendarKt.Calendar-PtmPvjY.<no name provided>
            VALUE_PARAMETER name:p1 index:0 type:kotlinx.coroutines.CoroutineScope
            VALUE_PARAMETER name:p2 index:1 type:kotlin.coroutines.Continuation<kotlin.Unit>?
            BLOCK_BODY
              RETURN type=kotlin.Nothing from='public final fun invoke (p1: kotlinx.coroutines.CoroutineScope, p2: kotlin.coroutines.Continuation<kotlin.Unit>?): kotlin.Any? declared in com.aslansoft.calendarLibrary.CalendarKt.Calendar-PtmPvjY.<no name provided>'
                CALL 'public final fun invokeSuspend ($result: kotlin.Result<kotlin.Any?>): kotlin.Any? declared in com.aslansoft.calendarLibrary.CalendarKt.Calendar-PtmPvjY.<no name provided>' type=kotlin.Any? origin=null
                  $this: TYPE_OP type=com.aslansoft.calendarLibrary.CalendarKt.Calendar-PtmPvjY.<no name provided> origin=IMPLICIT_CAST typeOperand=com.aslansoft.calendarLibrary.CalendarKt.Calendar-PtmPvjY.<no name provided>
                    CALL 'public final fun create (value: kotlin.Any?, $completion: kotlin.coroutines.Continuation<kotlin.Nothing>): kotlin.coroutines.Continuation<kotlin.Unit> declared in com.aslansoft.calendarLibrary.CalendarKt.Calendar-PtmPvjY.<no name provided>' type=kotlin.coroutines.Continuation<kotlin.Unit> origin=null
                      $this: GET_VAR '<this>: com.aslansoft.calendarLibrary.CalendarKt.Calendar-PtmPvjY.<no name provided> declared in com.aslansoft.calendarLibrary.CalendarKt.Calendar-PtmPvjY.<no name provided>.invoke' type=com.aslansoft.calendarLibrary.CalendarKt.Calendar-PtmPvjY.<no name provided> origin=null
                      value: GET_VAR 'p1: kotlinx.coroutines.CoroutineScope declared in com.aslansoft.calendarLibrary.CalendarKt.Calendar-PtmPvjY.<no name provided>.invoke' type=kotlinx.coroutines.CoroutineScope origin=null
                      $completion: GET_VAR 'p2: kotlin.coroutines.Continuation<kotlin.Unit>? declared in com.aslansoft.calendarLibrary.CalendarKt.Calendar-PtmPvjY.<no name provided>.invoke' type=kotlin.coroutines.Continuation<kotlin.Unit>? origin=null
                  $result: CALL 'public final fun <unsafe-coerce> <T, R> (v: T of kotlin.jvm.internal.<unsafe-coerce>): R of kotlin.jvm.internal.<unsafe-coerce> declared in kotlin.jvm.internal' type=kotlin.Result<kotlin.Any?> origin=null
                    <T>: kotlin.Any?
                    <R>: kotlin.Result<kotlin.Any?>
                    v: GET_FIELD 'FIELD FIELD_FOR_OBJECT_INSTANCE name:INSTANCE type:kotlin.Unit visibility:public [final,static]' type=kotlin.Unit origin=null
          FIELD FIELD_FOR_CAPTURED_VALUE name:$selectedDayState type:androidx.compose.runtime.MutableState<kotlin.Pair<kotlin.Int, kotlin.Int>?> visibility:public/*package*/ [final]
          FIELD FIELD_FOR_CAPTURED_VALUE name:$selectedDay$delegate type:androidx.compose.runtime.MutableState<kotlin.Pair<kotlin.Int, kotlin.Int>?> visibility:public/*package*/ [final]
          FUN BRIDGE name:invoke visibility:public modality:OPEN <> ($this:com.aslansoft.calendarLibrary.CalendarKt.Calendar-PtmPvjY.<no name provided>, p1:kotlin.Any?, p2:kotlin.Any?) returnType:kotlin.Any?
            $this: VALUE_PARAMETER INSTANCE_RECEIVER name:<this> type:com.aslansoft.calendarLibrary.CalendarKt.Calendar-PtmPvjY.<no name provided>
            VALUE_PARAMETER BRIDGE name:p1 index:0 type:kotlin.Any?
            VALUE_PARAMETER BRIDGE name:p2 index:1 type:kotlin.Any?
            EXPRESSION_BODY
              RETURN type=kotlin.Nothing from='public open fun invoke (p1: kotlin.Any?, p2: kotlin.Any?): kotlin.Any? declared in com.aslansoft.calendarLibrary.CalendarKt.Calendar-PtmPvjY.<no name provided>'
                CALL 'public final fun invoke (p1: kotlinx.coroutines.CoroutineScope, p2: kotlin.coroutines.Continuation<kotlin.Unit>?): kotlin.Any? declared in com.aslansoft.calendarLibrary.CalendarKt.Calendar-PtmPvjY.<no name provided>' type=kotlin.Any? origin=BRIDGE_DELEGATION
                  $this: GET_VAR '<this>: com.aslansoft.calendarLibrary.CalendarKt.Calendar-PtmPvjY.<no name provided> declared in com.aslansoft.calendarLibrary.CalendarKt.Calendar-PtmPvjY.<no name provided>.invoke' type=com.aslansoft.calendarLibrary.CalendarKt.Calendar-PtmPvjY.<no name provided> origin=null
                  p1: TYPE_OP type=kotlinx.coroutines.CoroutineScope origin=IMPLICIT_CAST typeOperand=kotlinx.coroutines.CoroutineScope
                    GET_VAR 'p1: kotlin.Any? declared in com.aslansoft.calendarLibrary.CalendarKt.Calendar-PtmPvjY.<no name provided>.invoke' type=kotlin.Any? origin=null
                  p2: TYPE_OP type=kotlin.coroutines.Continuation<*> origin=IMPLICIT_CAST typeOperand=kotlin.coroutines.Continuation<*>
                    GET_VAR 'p2: kotlin.Any? declared in com.aslansoft.calendarLibrary.CalendarKt.Calendar-PtmPvjY.<no name provided>.invoke' type=kotlin.Any? origin=null
        CONSTRUCTOR_CALL 'public/*package*/ constructor <init> ($selectedDayState: androidx.compose.runtime.MutableState<kotlin.Pair<kotlin.Int, kotlin.Int>?>, $selectedDay$delegate: androidx.compose.runtime.MutableState<kotlin.Pair<kotlin.Int, kotlin.Int>?>, $completion: kotlin.coroutines.Continuation<com.aslansoft.calendarLibrary.CalendarKt.Calendar-PtmPvjY.<no name provided>>?) [primary] declared in com.aslansoft.calendarLibrary.CalendarKt.Calendar-PtmPvjY.<no name provided>' type=com.aslansoft.calendarLibrary.CalendarKt.Calendar-PtmPvjY.<no name provided> origin=null
          $selectedDayState: GET_VAR 'val selectedDayState: androidx.compose.runtime.MutableState<kotlin.Pair<kotlin.Int, kotlin.Int>?> [val] declared in com.aslansoft.calendarLibrary.CalendarKt.Calendar-PtmPvjY' type=androidx.compose.runtime.MutableState<kotlin.Pair<kotlin.Int, kotlin.Int>?> origin=null
          $selectedDay$delegate: GET_VAR 'val selectedDay$delegate: androidx.compose.runtime.MutableState<kotlin.Pair<kotlin.Int, kotlin.Int>?> [val] declared in com.aslansoft.calendarLibrary.CalendarKt.Calendar-PtmPvjY' type=androidx.compose.runtime.MutableState<kotlin.Pair<kotlin.Int, kotlin.Int>?> origin=null
          $completion: CONST Null type=kotlin.Nothing? value=null
    CALL 'public final fun Spacer (modifier: androidx.compose.ui.Modifier): kotlin.Unit declared in androidx.compose.foundation.layout.SpacerKt' type=kotlin.Unit origin=null
      modifier: CALL 'public final fun padding-VpY3zN4$default (horizontal: androidx.compose.ui.unit.Dp, vertical: androidx.compose.ui.unit.Dp, $mask0: kotlin.Int, $handler: kotlin.Any?): androidx.compose.ui.Modifier declared in androidx.compose.foundation.layout.PaddingKt' type=androidx.compose.ui.Modifier origin=DEFAULT_DISPATCH_CALL
        $receiver: GET_FIELD 'FIELD FIELD_FOR_OBJECT_INSTANCE name:Companion type:androidx.compose.ui.Modifier.Companion visibility:public [final,static]' type=androidx.compose.ui.Modifier.Companion origin=null
        horizontal: COMPOSITE type=androidx.compose.ui.unit.Dp origin=DEFAULT_VALUE
          CALL 'public final fun <unsafe-coerce> <T, R> (v: T of kotlin.jvm.internal.<unsafe-coerce>): R of kotlin.jvm.internal.<unsafe-coerce> declared in kotlin.jvm.internal' type=androidx.compose.ui.unit.Dp origin=null
            <T>: kotlin.Float
            <R>: androidx.compose.ui.unit.Dp
            v: CONST Float type=kotlin.Float value=0.0
        vertical: CALL 'public final fun <get-dp> (): androidx.compose.ui.unit.Dp [inline] declared in androidx.compose.ui.unit.DpKt' type=androidx.compose.ui.unit.Dp origin=GET_PROPERTY
          $receiver: CONST Int type=kotlin.Int value=10
        $mask0: CONST Int type=kotlin.Int value=1
        $handler: CONST Null type=kotlin.Any? value=null
    CALL 'public final fun Column (modifier: androidx.compose.ui.Modifier, verticalArrangement: androidx.compose.foundation.layout.Arrangement.Vertical, horizontalAlignment: androidx.compose.ui.Alignment.Horizontal, content: @[Composable] @[ExtensionFunctionType] kotlin.Function1<androidx.compose.foundation.layout.ColumnScope, kotlin.Unit>): kotlin.Unit [inline] declared in androidx.compose.foundation.layout.ColumnKt' type=kotlin.Unit origin=null
      modifier: CALL 'public final fun clip (shape: androidx.compose.ui.graphics.Shape): androidx.compose.ui.Modifier declared in androidx.compose.ui.draw.ClipKt' type=androidx.compose.ui.Modifier origin=null
        $receiver: GET_FIELD 'FIELD FIELD_FOR_OBJECT_INSTANCE name:Companion type:androidx.compose.ui.Modifier.Companion visibility:public [final,static]' type=androidx.compose.ui.Modifier.Companion origin=null
        shape: CALL 'public final fun RoundedCornerShape-0680j_4 (size: androidx.compose.ui.unit.Dp): androidx.compose.foundation.shape.RoundedCornerShape declared in androidx.compose.foundation.shape.RoundedCornerShapeKt' type=androidx.compose.foundation.shape.RoundedCornerShape origin=null
          size: CALL 'public final fun <get-dp> (): androidx.compose.ui.unit.Dp [inline] declared in androidx.compose.ui.unit.DpKt' type=androidx.compose.ui.unit.Dp origin=GET_PROPERTY
            $receiver: CONST Int type=kotlin.Int value=15
      verticalArrangement: CALL 'public final fun <get-Center> (): androidx.compose.foundation.layout.Arrangement.HorizontalOrVertical declared in androidx.compose.foundation.layout.Arrangement' type=androidx.compose.foundation.layout.Arrangement.HorizontalOrVertical origin=GET_PROPERTY
        $this: GET_FIELD 'FIELD FIELD_FOR_OBJECT_INSTANCE name:INSTANCE type:androidx.compose.foundation.layout.Arrangement visibility:public [final,static]' type=androidx.compose.foundation.layout.Arrangement origin=null
      horizontalAlignment: CALL 'public final fun <get-CenterHorizontally> (): androidx.compose.ui.Alignment.Horizontal declared in androidx.compose.ui.Alignment.Companion' type=androidx.compose.ui.Alignment.Horizontal origin=GET_PROPERTY
        $this: GET_FIELD 'FIELD FIELD_FOR_OBJECT_INSTANCE name:Companion type:androidx.compose.ui.Alignment.Companion visibility:public [final,static]' type=androidx.compose.ui.Alignment.Companion origin=null
      content: BLOCK type=@[ExtensionFunctionType] kotlin.Function1<androidx.compose.foundation.layout.ColumnScope, kotlin.Unit> origin=LAMBDA
        COMPOSITE type=kotlin.Unit origin=null
        FUNCTION_REFERENCE 'private final fun Calendar_PtmPvjY$lambda$28 ($HeaderColor: androidx.compose.ui.graphics.Color, $ContainerColor: androidx.compose.ui.graphics.Color, $weekDays: @[FlexibleArrayElementVariance] kotlin.Array<out @[FlexibleNullability] kotlin.String?>, $lazyState: androidx.compose.foundation.lazy.grid.LazyGridState, $monthName: @[FlexibleNullability] kotlin.String?, $currentYear: kotlin.Int, $year: androidx.compose.runtime.MutableIntState, $TitleColor: androidx.compose.ui.graphics.Color, $month: androidx.compose.runtime.MutableIntState, $WeekDaysColor: androidx.compose.ui.graphics.Color, $days: kotlin.collections.List<kotlin.String>, $MarkedDays: kotlin.collections.List<java.time.LocalDate>, $dayOnclick: kotlin.Function0<kotlin.Unit>, $selectedDay$delegate: androidx.compose.runtime.MutableState<kotlin.Pair<kotlin.Int, kotlin.Int>?>, $today: kotlin.Int, $currentMonth: kotlin.Int, $TodayBorderColor: androidx.compose.ui.graphics.Color, $TodayTextColor: androidx.compose.ui.graphics.Color, $SelectedDayBorderColor: androidx.compose.ui.graphics.Color, $CurrentDaysBorderColor: androidx.compose.ui.graphics.Color, $BadgeFirstColor: androidx.compose.ui.graphics.Color, $BadgeTwoColor: androidx.compose.ui.graphics.Color, $SelectedDayTextColor: androidx.compose.ui.graphics.Color, $CurrentDaysTextColor: androidx.compose.ui.graphics.Color): kotlin.Unit declared in com.aslansoft.calendarLibrary.CalendarKt' type=@[ExtensionFunctionType] kotlin.Function1<androidx.compose.foundation.layout.ColumnScope, kotlin.Unit> origin=INLINE_LAMBDA reflectionTarget=null
          $HeaderColor: GET_VAR 'HeaderColor: androidx.compose.ui.graphics.Color declared in com.aslansoft.calendarLibrary.CalendarKt.Calendar-PtmPvjY' type=androidx.compose.ui.graphics.Color origin=null
          $ContainerColor: GET_VAR 'ContainerColor: androidx.compose.ui.graphics.Color declared in com.aslansoft.calendarLibrary.CalendarKt.Calendar-PtmPvjY' type=androidx.compose.ui.graphics.Color origin=null
          $weekDays: GET_VAR 'val weekDays: @[FlexibleArrayElementVariance] kotlin.Array<out @[FlexibleNullability] kotlin.String?> [val] declared in com.aslansoft.calendarLibrary.CalendarKt.Calendar-PtmPvjY' type=@[FlexibleArrayElementVariance] kotlin.Array<out @[FlexibleNullability] kotlin.String?> origin=null
          $lazyState: GET_VAR 'val lazyState: androidx.compose.foundation.lazy.grid.LazyGridState [val] declared in com.aslansoft.calendarLibrary.CalendarKt.Calendar-PtmPvjY' type=androidx.compose.foundation.lazy.grid.LazyGridState origin=null
          $monthName: GET_VAR 'val monthName: @[FlexibleNullability] kotlin.String? [val] declared in com.aslansoft.calendarLibrary.CalendarKt.Calendar-PtmPvjY' type=@[FlexibleNullability] kotlin.String? origin=null
          $currentYear: GET_VAR 'val currentYear: kotlin.Int [val] declared in com.aslansoft.calendarLibrary.CalendarKt.Calendar-PtmPvjY' type=kotlin.Int origin=null
          $year: GET_VAR 'val year: androidx.compose.runtime.MutableIntState [val] declared in com.aslansoft.calendarLibrary.CalendarKt.Calendar-PtmPvjY' type=androidx.compose.runtime.MutableIntState origin=null
          $TitleColor: GET_VAR 'TitleColor: androidx.compose.ui.graphics.Color declared in com.aslansoft.calendarLibrary.CalendarKt.Calendar-PtmPvjY' type=androidx.compose.ui.graphics.Color origin=null
          $month: GET_VAR 'val month: androidx.compose.runtime.MutableIntState [val] declared in com.aslansoft.calendarLibrary.CalendarKt.Calendar-PtmPvjY' type=androidx.compose.runtime.MutableIntState origin=null
          $WeekDaysColor: GET_VAR 'WeekDaysColor: androidx.compose.ui.graphics.Color declared in com.aslansoft.calendarLibrary.CalendarKt.Calendar-PtmPvjY' type=androidx.compose.ui.graphics.Color origin=null
          $days: GET_VAR 'val days: kotlin.collections.List<kotlin.String> [val] declared in com.aslansoft.calendarLibrary.CalendarKt.Calendar-PtmPvjY' type=kotlin.collections.List<kotlin.String> origin=null
          $MarkedDays: GET_VAR 'MarkedDays: kotlin.collections.List<java.time.LocalDate> declared in com.aslansoft.calendarLibrary.CalendarKt.Calendar-PtmPvjY' type=kotlin.collections.List<java.time.LocalDate> origin=null
          $dayOnclick: GET_VAR 'dayOnclick: kotlin.Function0<kotlin.Unit> declared in com.aslansoft.calendarLibrary.CalendarKt.Calendar-PtmPvjY' type=kotlin.Function0<kotlin.Unit> origin=null
          $selectedDay$delegate: GET_VAR 'val selectedDay$delegate: androidx.compose.runtime.MutableState<kotlin.Pair<kotlin.Int, kotlin.Int>?> [val] declared in com.aslansoft.calendarLibrary.CalendarKt.Calendar-PtmPvjY' type=androidx.compose.runtime.MutableState<kotlin.Pair<kotlin.Int, kotlin.Int>?> origin=null
          $today: GET_VAR 'val today: kotlin.Int [val] declared in com.aslansoft.calendarLibrary.CalendarKt.Calendar-PtmPvjY' type=kotlin.Int origin=null
          $currentMonth: GET_VAR 'val currentMonth: kotlin.Int [val] declared in com.aslansoft.calendarLibrary.CalendarKt.Calendar-PtmPvjY' type=kotlin.Int origin=null
          $TodayBorderColor: GET_VAR 'TodayBorderColor: androidx.compose.ui.graphics.Color declared in com.aslansoft.calendarLibrary.CalendarKt.Calendar-PtmPvjY' type=androidx.compose.ui.graphics.Color origin=null
          $TodayTextColor: GET_VAR 'TodayTextColor: androidx.compose.ui.graphics.Color declared in com.aslansoft.calendarLibrary.CalendarKt.Calendar-PtmPvjY' type=androidx.compose.ui.graphics.Color origin=null
          $SelectedDayBorderColor: GET_VAR 'SelectedDayBorderColor: androidx.compose.ui.graphics.Color declared in com.aslansoft.calendarLibrary.CalendarKt.Calendar-PtmPvjY' type=androidx.compose.ui.graphics.Color origin=null
          $CurrentDaysBorderColor: GET_VAR 'CurrentDaysBorderColor: androidx.compose.ui.graphics.Color declared in com.aslansoft.calendarLibrary.CalendarKt.Calendar-PtmPvjY' type=androidx.compose.ui.graphics.Color origin=null
          $BadgeFirstColor: GET_VAR 'BadgeFirstColor: androidx.compose.ui.graphics.Color declared in com.aslansoft.calendarLibrary.CalendarKt.Calendar-PtmPvjY' type=androidx.compose.ui.graphics.Color origin=null
          $BadgeTwoColor: GET_VAR 'BadgeTwoColor: androidx.compose.ui.graphics.Color declared in com.aslansoft.calendarLibrary.CalendarKt.Calendar-PtmPvjY' type=androidx.compose.ui.graphics.Color origin=null
          $SelectedDayTextColor: GET_VAR 'SelectedDayTextColor: androidx.compose.ui.graphics.Color declared in com.aslansoft.calendarLibrary.CalendarKt.Calendar-PtmPvjY' type=androidx.compose.ui.graphics.Color origin=null
          $CurrentDaysTextColor: GET_VAR 'CurrentDaysTextColor: androidx.compose.ui.graphics.Color declared in com.aslansoft.calendarLibrary.CalendarKt.Calendar-PtmPvjY' type=androidx.compose.ui.graphics.Color origin=null

	at org.jetbrains.kotlin.backend.jvm.codegen.FunctionCodegen.generate(FunctionCodegen.kt:50)
	at org.jetbrains.kotlin.backend.jvm.codegen.FunctionCodegen.generate$default(FunctionCodegen.kt:42)
	at org.jetbrains.kotlin.backend.jvm.codegen.ClassCodegen.generateMethodNode(ClassCodegen.kt:385)
	at org.jetbrains.kotlin.backend.jvm.codegen.ClassCodegen.generateMethod(ClassCodegen.kt:402)
	at org.jetbrains.kotlin.backend.jvm.codegen.ClassCodegen.generate(ClassCodegen.kt:169)
	at org.jetbrains.kotlin.backend.jvm.FileCodegen.lower(JvmPhases.kt:41)
	at org.jetbrains.kotlin.backend.common.phaser.PhaseBuildersKt.makeIrFilePhase$lambda$5(PhaseBuilders.kt:114)
	at org.jetbrains.kotlin.backend.common.phaser.PhaseBuildersKt$createSimpleNamedCompilerPhase$1.phaseBody(PhaseBuilders.kt:71)
	at org.jetbrains.kotlin.backend.common.phaser.SimpleNamedCompilerPhase.phaseBody(CompilerPhase.kt:226)
	at org.jetbrains.kotlin.backend.common.phaser.AbstractNamedCompilerPhase.invoke(CompilerPhase.kt:113)
	at org.jetbrains.kotlin.backend.common.phaser.PerformByIrFilePhase.invokeSequential(performByIrFile.kt:62)
	... 43 more
Caused by: org.jetbrains.kotlin.codegen.CompilationException: Back-end (JVM) Internal error: Couldn't inline method call: CALL 'public final fun remember <T> (calculation: @[DisallowComposableCalls] kotlin.Function0<T of androidx.compose.runtime.ComposablesKt.remember>): T of androidx.compose.runtime.ComposablesKt.remember [inline] declared in androidx.compose.runtime.ComposablesKt' type=androidx.compose.runtime.MutableState<kotlin.Pair<kotlin.Int, kotlin.Int>?> origin=null
Method: null
File is unknown
The root cause java.lang.IllegalStateException was thrown at: org.jetbrains.kotlin.codegen.inline.SourceCompilerForInlineKt.getMethodNode(SourceCompilerForInline.kt:118)
	at org.jetbrains.kotlin.codegen.inline.InlineCodegen.performInline(InlineCodegen.kt:65)
	at org.jetbrains.kotlin.backend.jvm.codegen.IrInlineCodegen.genInlineCall(IrInlineCodegen.kt:162)
	at org.jetbrains.kotlin.backend.jvm.codegen.IrInlineCallGenerator.genCall(IrInlineCallGenerator.kt:36)
	at org.jetbrains.kotlin.backend.jvm.codegen.ExpressionCodegen.visitCall(ExpressionCodegen.kt:647)
	at org.jetbrains.kotlin.backend.jvm.codegen.ExpressionCodegen.visitCall(ExpressionCodegen.kt:137)
	at org.jetbrains.kotlin.ir.expressions.IrCall.accept(IrCall.kt:24)
	at org.jetbrains.kotlin.backend.jvm.codegen.ExpressionCodegen.visitVariable(ExpressionCodegen.kt:784)
	at org.jetbrains.kotlin.backend.jvm.codegen.ExpressionCodegen.visitVariable(ExpressionCodegen.kt:137)
	at org.jetbrains.kotlin.ir.declarations.IrVariable.accept(IrVariable.kt:36)
	at org.jetbrains.kotlin.backend.jvm.codegen.ExpressionCodegen.visitStatementContainer(ExpressionCodegen.kt:573)
	at org.jetbrains.kotlin.backend.jvm.codegen.ExpressionCodegen.visitBlockBody(ExpressionCodegen.kt:578)
	at org.jetbrains.kotlin.backend.jvm.codegen.ExpressionCodegen.visitBlockBody(ExpressionCodegen.kt:137)
	at org.jetbrains.kotlin.ir.expressions.IrBlockBody.accept(IrBlockBody.kt:20)
	at org.jetbrains.kotlin.backend.jvm.codegen.ExpressionCodegen.generate(ExpressionCodegen.kt:239)
	at org.jetbrains.kotlin.backend.jvm.codegen.FunctionCodegen.doGenerate(FunctionCodegen.kt:121)
	at org.jetbrains.kotlin.backend.jvm.codegen.FunctionCodegen.generate(FunctionCodegen.kt:46)
	... 53 more
Caused by: java.lang.IllegalStateException: couldn't find inline method Landroidx/compose/runtime/ComposablesKt;.remember(Lkotlin/jvm/functions/Function0;)Ljava/lang/Object;
	at org.jetbrains.kotlin.codegen.inline.SourceCompilerForInlineKt.getMethodNode(SourceCompilerForInline.kt:118)
	at org.jetbrains.kotlin.codegen.inline.SourceCompilerForInlineKt.loadCompiledInlineFunction(SourceCompilerForInline.kt:96)
	at org.jetbrains.kotlin.backend.jvm.codegen.IrSourceCompilerForInline.compileInlineFunction(IrSourceCompilerForInline.kt:91)
	at org.jetbrains.kotlin.codegen.inline.InlineCodegen.compileInline(InlineCodegen.kt:43)
	at org.jetbrains.kotlin.codegen.inline.InlineCodegen.performInline(InlineCodegen.kt:51)
	... 68 more


